Crashlog created at 2023-03-19 16:24:54 -0700

===== MESSAGE:

LoadError: cannot load such file -- nanoc/live
Install the 'nanoc-live' gem using `gem install nanoc-live`.

===== STACK TRACE:

  0. <internal:/usr/lib/ruby/3.0.0/rubygems/core_ext/kernel_require.rb>:85:in `require'
  1. <internal:/usr/lib/ruby/3.0.0/rubygems/core_ext/kernel_require.rb>:85:in `require'
  2. /home/kyllingene/.local/share/gem/ruby/3.0.0/gems/zeitwerk-2.6.7/lib/zeitwerk/kernel.rb:38:in `require'
  3. /home/kyllingene/.local/share/gem/ruby/3.0.0/gems/nanoc-cli-4.12.15/lib/nanoc/cli/commands/compile.rb:28:in `run_repeat'
  4. /home/kyllingene/.local/share/gem/ruby/3.0.0/gems/nanoc-cli-4.12.15/lib/nanoc/cli/commands/compile.rb:21:in `run'
  5. /home/kyllingene/.local/share/gem/ruby/3.0.0/gems/nanoc-cli-4.12.15/lib/nanoc/cli/command_runner.rb:15:in `block in call'
  6. /home/kyllingene/.local/share/gem/ruby/3.0.0/gems/nanoc-cli-4.12.15/lib/nanoc/cli/error_handler.rb:57:in `handle_while'
  7. /home/kyllingene/.local/share/gem/ruby/3.0.0/gems/nanoc-cli-4.12.15/lib/nanoc/cli/error_handler.rb:15:in `handle_while'
  8. /home/kyllingene/.local/share/gem/ruby/3.0.0/gems/nanoc-cli-4.12.15/lib/nanoc/cli/command_runner.rb:14:in `call'
  9. /home/kyllingene/.local/share/gem/ruby/3.0.0/gems/cri-2.15.11/lib/cri/command_dsl.rb:294:in `block in runner'
  10. /home/kyllingene/.local/share/gem/ruby/3.0.0/gems/cri-2.15.11/lib/cri/command.rb:362:in `run_this'
  11. /home/kyllingene/.local/share/gem/ruby/3.0.0/gems/cri-2.15.11/lib/cri/command.rb:298:in `run'
  12. /home/kyllingene/.local/share/gem/ruby/3.0.0/gems/cri-2.15.11/lib/cri/command.rb:316:in `run'
  13. /home/kyllingene/.local/share/gem/ruby/3.0.0/gems/nanoc-cli-4.12.15/lib/nanoc/cli.rb:88:in `block in run'
  14. /home/kyllingene/.local/share/gem/ruby/3.0.0/gems/nanoc-cli-4.12.15/lib/nanoc/cli/error_handler.rb:57:in `handle_while'
  15. /home/kyllingene/.local/share/gem/ruby/3.0.0/gems/nanoc-cli-4.12.15/lib/nanoc/cli/error_handler.rb:15:in `handle_while'
  16. /home/kyllingene/.local/share/gem/ruby/3.0.0/gems/nanoc-cli-4.12.15/lib/nanoc/cli.rb:86:in `run'
  17. /home/kyllingene/.local/share/gem/ruby/3.0.0/gems/nanoc-4.12.15/bin/nanoc:18:in `<top (required)>'
  18. /home/kyllingene/.local/share/gem/ruby/3.0.0/bin/nanoc:25:in `load'

===== VERSION INFORMATION:

Nanoc 4.12.15 © 2007–… Denis Defreyne.
Running ruby 3.0.5 (2022-11-24) on x86_64-linux with RubyGems 3.3.25.

===== SYSTEM INFORMATION:

Linux kyllingene 5.15.94-1-MANJARO #1 SMP PREEMPT Tue Feb 14 19:45:58 UTC 2023 x86_64 GNU/Linux

===== INSTALLED GEMS:

  abbrev 0.1.0
  addressable 2.8.1
  adsf 1.4.6
  asciidoctor 2.0.18
  base64 0.1.1
  benchmark 0.2.0
  bigdecimal 3.1.2
  bundler 2.4.1
  cgi 0.3.6
  coderay 1.1.3
  colored 1.2
  commonjs 0.2.7
  concurrent-ruby 1.2.2
  cri 2.15.11
  csv 3.2.5
  date 3.2.2
  dbm 1.1.0
  ddmetrics 1.0.1
  ddplugin 1.0.3
  debug 0.2.1
  delegate 0.2.0
  did_you_mean 1.6.1
  diff-lcs 1.5.0
  digest 3.1.1
  drb 2.1.0
  english 0.7.1
  erb 4.0.2
  etc 1.3.0
  fcntl 1.0.1
  fiddle 1.1.0
  fileutils 1.6.0
  find 0.1.1
  forwardable 1.3.2
  gdbm 2.1.0
  getoptlong 0.1.1
  google-protobuf 3.22.0
  hamster 3.0.0
  io-console 0.5.11
  io-nonblock 0.1.0
  io-wait 0.2.3
  ipaddr 1.2.4
  irb 1.4.2
  jekyll-feed 0.17.0
  jekyll-sass-converter 3.0.0
  jekyll-seo-tag 2.8.0
  json 2.6.3
  json_schema 0.21.0
  kramdown 2.4.0
  less 2.6.0
  libv8 3.16.14.19
  liquid 5.4.0
  logger 1.5.1
  matrix 0.3.1
  memo_wise 1.7.0
  method_source 1.0.0
  mini_magick 4.12.0
  minima 2.5.1
  minitest 5.16.3
  mutex_m 0.1.1
  nanoc 4.12.15
  nanoc-checking 1.0.2
  nanoc-cli 4.12.15
  nanoc-core 4.12.15
  nanoc-deploying 1.0.2
  net-ftp 0.1.2
  net-http 0.2.2
  net-imap 0.1.1
  net-pop 0.1.1
  net-protocol 0.1.1
  net-smtp 0.2.1
  nkf 0.1.0
  nokogiri 1.14.2
  observer 0.1.1
  open-uri 0.2.0
  open3 0.1.1
  openssl 3.0.0
  optparse 0.1.1
  ostruct 0.3.1
  parallel 1.22.1
  pastel 0.8.0
  pathname 0.1.0
  power_assert 2.0.2
  pp 0.2.1
  prettyprint 0.1.1
  prime 0.1.2
  pry 0.14.2
  pstore 0.1.1
  psych 4.0.6
  public_suffix 5.0.1
  racc 1.6.0
  rack 2.2.6.4
  rake 13.0.6
  rdoc 6.4.0
  readline 0.0.2
  readline-ext 0.1.1
  ref 2.0.0
  reline 0.3.1
  resolv 0.2.1
  resolv-replace 0.1.0
  rexml 3.2.5
  rinda 0.1.1
  rouge 4.1.0
  ruby2_keywords 0.0.5
  sass-embedded 1.58.3
  securerandom 0.1.0
  set 1.0.1
  shellwords 0.1.0
  singleton 0.1.1
  slow_enumerator_tools 1.1.0
  stringio 3.0.2
  strscan 3.0.1
  syslog 0.1.0
  tempfile 0.1.1
  test-unit 3.5.7
  time 0.2.0
  timeout 0.1.1
  tmpdir 0.1.2
  tracer 0.1.1
  tsort 0.1.0
  tty-color 0.6.0
  tty-command 0.10.1
  tty-platform 0.3.0
  tty-which 0.5.0
  un 0.1.0
  uri 0.11.0
  weakref 0.1.1
  webrick 1.8.1
  yaml 0.1.1
  zeitwerk 2.6.7
  zlib 2.0.0

===== LOAD PATHS:

  0. /usr/lib/ruby/gems/3.0.0/gems/public_suffix-5.0.1/lib
  1. /home/kyllingene/.local/share/gem/ruby/3.0.0/gems/addressable-2.8.1/lib
  2. /home/kyllingene/.local/share/gem/ruby/3.0.0/gems/colored-1.2/lib
  3. /home/kyllingene/.local/share/gem/ruby/3.0.0/gems/cri-2.15.11/lib
  4. /home/kyllingene/.local/share/gem/ruby/3.0.0/gems/diff-lcs-1.5.0/lib
  5. /usr/lib/ruby/gems/3.0.0/gems/concurrent-ruby-1.2.2/lib/concurrent-ruby
  6. /home/kyllingene/.local/share/gem/ruby/3.0.0/gems/ddmetrics-1.0.1/lib
  7. /home/kyllingene/.local/share/gem/ruby/3.0.0/gems/ddplugin-1.0.3/lib
  8. /home/kyllingene/.local/share/gem/ruby/3.0.0/gems/hamster-3.0.0/lib
  9. /home/kyllingene/.local/share/gem/ruby/3.0.0/gems/json_schema-0.21.0/lib
  10. /home/kyllingene/.local/share/gem/ruby/3.0.0/gems/memo_wise-1.7.0/lib
  11. /home/kyllingene/.local/share/gem/ruby/3.0.0/gems/slow_enumerator_tools-1.1.0/lib
  12. /home/kyllingene/.local/share/gem/ruby/3.0.0/gems/tty-platform-0.3.0/lib
  13. /home/kyllingene/.local/share/gem/ruby/3.0.0/gems/zeitwerk-2.6.7/lib
  14. /home/kyllingene/.local/share/gem/ruby/3.0.0/gems/nanoc-core-4.12.15/lib
  15. /home/kyllingene/.local/share/gem/ruby/3.0.0/gems/nanoc-cli-4.12.15/lib
  16. /home/kyllingene/.local/share/gem/ruby/3.0.0/gems/nanoc-checking-1.0.2/lib
  17. /home/kyllingene/.local/share/gem/ruby/3.0.0/gems/nanoc-deploying-1.0.2/lib
  18. /home/kyllingene/.local/share/gem/ruby/3.0.0/gems/parallel-1.22.1/lib
  19. /home/kyllingene/.local/share/gem/ruby/3.0.0/gems/tty-color-0.6.0/lib
  20. /home/kyllingene/.local/share/gem/ruby/3.0.0/gems/pastel-0.8.0/lib
  21. /home/kyllingene/.local/share/gem/ruby/3.0.0/gems/tty-command-0.10.1/lib
  22. /home/kyllingene/.local/share/gem/ruby/3.0.0/gems/tty-which-0.5.0/lib
  23. /home/kyllingene/.local/share/gem/ruby/3.0.0/gems/nanoc-4.12.15/lib
  24. /usr/lib/ruby/site_ruby/3.0.0
  25. /usr/lib/ruby/site_ruby/3.0.0/x86_64-linux
  26. /usr/lib/ruby/site_ruby
  27. /usr/lib/ruby/vendor_ruby/3.0.0
  28. /usr/lib/ruby/vendor_ruby/3.0.0/x86_64-linux
  29. /usr/lib/ruby/vendor_ruby
  30. /usr/lib/ruby/3.0.0
  31. /usr/lib/ruby/3.0.0/x86_64-linux
